<?xml version="1.0" encoding="UTF-8"?>
<!-- Generated by org.testng.reporters.JUnitReportReporter -->
<testsuite hostname="DESKTOP-E4S5USC" name="basics3" tests="1" failures="0" timestamp="29 Mar 2019 11:31:16 GMT" time="2.271" errors="0">
  <testcase name="AddandDelete" time="2.271" classname="basics3"/>
</testsuite> <!-- basics3 -->
