<?xml version="1.0" encoding="UTF-8"?>
<!-- Generated by org.testng.reporters.JUnitReportReporter -->
<testsuite hostname="DESKTOP-E4S5USC" name="basic2" tests="1" failures="0" timestamp="27 Mar 2019 08:14:17 GMT" time="3.809" errors="0">
  <testcase name="PostData" time="3.809" classname="basic2"/>
</testsuite> <!-- basic2 -->
