<?xml version="1.0" encoding="UTF-8"?>
<!-- Generated by org.testng.reporters.JUnitReportReporter -->
<testsuite hostname="DESKTOP-E4S5USC" name="basics" tests="1" failures="0" timestamp="27 Mar 2019 08:44:35 GMT" time="2.532" errors="0">
  <testcase name="Test1" time="2.532" classname="basics"/>
</testsuite> <!-- basics -->
